proguard.cfg
-dontusemixedcaseclassnames
-dontskipnonpubliclibraryclasses
-dontskipnonpubliclibraryclassmembers
-verbose
-optimizations !code/simplification/arithmetic,!field/*,!class/merging/*,!code/allocation/variable
-dontoptimize
-dontwarn android.**
-dontwarn javax.servlet.**
-dontwarn org.apache.**
-ignorewarnings

-optimizationpasses 5
-dontpreverify

-keepattributes Exceptions
-keepattribute Signature
-keepattribute Deprecated
-keepattributes *Annotation*

-keep class com.mobclick.android.** {*;}
-keep interface com.mobclick.android.** {*;}
-keep class com.umeng.** {*;}
-keep interface com.umeng.** {*;}


-keep public class * extends android.app.Activity
-keep public class * extends android.widget.*
-keep public class * extends android.app.Application
-keep public class * extends android.app.Service
-keep public class * extends android.content.BroadcastReceiver
-keep public class * extends android.content.ContentProvider
-keep public class * extends android.app.backup.BackupAgentHelper
-keep public class * extends android.preference.Preference

-keep class android.support.v4.** {*;}
-keep interface android.support.v4.** {*;}


-keepclassmembers class * {
   public <init>(org.json.JSONObject);
}
-keep public class [com.myth.cici].R$*{
public static final int *;
}
-keepclassmembers enum * {
    public static **[] values();
    public static ** valueOf(java.lang.String);
}




-keepattributes Signature
-dontwarn android.support.**
-dontwarn com.squareup.**
-dontwarn okio.**
-keep class com.wandoujia.ads.sdk.** { *; }