proguard/seeds.txt
com.myth.cici.BaseActivity: BaseActivity()
com.myth.cici.MyApplication
com.myth.cici.MyApplication: MyApplication()
com.myth.cici.activity.AboutActivity
com.myth.cici.activity.AboutActivity: AboutActivity()
com.myth.cici.activity.CiActivity
com.myth.cici.activity.CiActivity: CiActivity()
com.myth.cici.activity.CipaiActivity
com.myth.cici.activity.CipaiActivity: CipaiActivity()
com.myth.cici.activity.CipaiListActivity
com.myth.cici.activity.CipaiListActivity: CipaiListActivity()
com.myth.cici.activity.CipaiSearchActivity
com.myth.cici.activity.CipaiSearchActivity: CipaiSearchActivity()
com.myth.cici.activity.EditActivity
com.myth.cici.activity.EditActivity: EditActivity()
com.myth.cici.activity.MainActivity
com.myth.cici.activity.MainActivity: MainActivity()
com.myth.cici.activity.SettingActivity
com.myth.cici.activity.SettingActivity: SettingActivity()
com.myth.cici.activity.ShareActivity
com.myth.cici.activity.ShareActivity: ShareActivity()
com.myth.cici.activity.ShareEditActivity
com.myth.cici.activity.ShareEditActivity: ShareEditActivity()
com.myth.cici.activity.YunSearchActivity
com.myth.cici.activity.YunSearchActivity: YunSearchActivity()
com.myth.cici.wiget.HorizontalListView
com.myth.cici.wiget.HorizontalListView: HorizontalListView(android.content.Context,android.util.AttributeSet)
com.myth.cici.wiget.SwitchPoint
com.myth.cici.wiget.SwitchPoint: SwitchPoint(android.content.Context,android.util.AttributeSet)
com.myth.cici.wiget.TouchEffectImageView
com.myth.cici.wiget.TouchEffectImageView: TouchEffectImageView(android.content.Context,android.util.AttributeSet)
com.myth.cici.wiget.VScrollView
com.myth.cici.wiget.VScrollView: VScrollView(android.content.Context)
com.myth.cici.wiget.VScrollView: VScrollView(android.content.Context,android.util.AttributeSet)
com.myth.cici.wiget.VScrollView: VScrollView(android.content.Context,android.util.AttributeSet,int)
com.myth.cici.wiget.VerticalTextView
com.myth.cici.wiget.VerticalTextView: VerticalTextView(android.content.Context,android.util.AttributeSet)
...
android.support.v4.view.KeyEventCompatEclair
android.support.v4.view.KeyEventCompatEclair: KeyEventCompatEclair()
android.support.v4.view.KeyEventCompatEclair: java.lang.Object getKeyDispatcherState(android.view.View)
android.support.v4.view.KeyEventCompatEclair: boolean dispatch(android.view.KeyEvent,android.view.KeyEvent$Callback,java.lang.Object,java.lang.Object)
android.support.v4.view.KeyEventCompatEclair: void startTracking(android.view.KeyEvent)
android.support.v4.view.KeyEventCompatEclair: boolean isTracking(android.view.KeyEvent)
android.support.v4.view.KeyEventCompatHoneycomb
android.support.v4.view.KeyEventCompatHoneycomb: KeyEventCompatHoneycomb()
android.support.v4.view.KeyEventCompatHoneycomb: int normalizeMetaState(int)
android.support.v4.view.KeyEventCompatHoneycomb: boolean metaStateHasModifiers(int,int)
android.support.v4.view.KeyEventCompatHoneycomb: boolean metaStateHasNoModifiers(int)
android.support.v4.view.MarginLayoutParamsCompat
android.support.v4.view.MarginLayoutParamsCompat: android.support.v4.view.MarginLayoutParamsCompat$MarginLayoutParamsCompatImpl IMPL
android.support.v4.view.MarginLayoutParamsCompat: MarginLayoutParamsCompat()
android.support.v4.view.MarginLayoutParamsCompat: int getMarginStart(android.view.ViewGroup$MarginLayoutParams)
android.support.v4.view.MarginLayoutParamsCompat: int getMarginEnd(android.view.ViewGroup$MarginLayoutParams)
android.support.v4.view.MarginLayoutParamsCompat: void setMarginStart(android.view.ViewGroup$MarginLayoutParams,int)
android.support.v4.view.MarginLayoutParamsCompat: void setMarginEnd(android.view.ViewGroup$MarginLayoutParams,int)
android.support.v4.view.MarginLayoutParamsCompat: boolean isMarginRelative(android.view.ViewGroup$MarginLayoutParams)
android.support.v4.view.MarginLayoutParamsCompat: int getLayoutDirection(android.view.ViewGroup$MarginLayoutParams)
android.support.v4.view.MarginLayoutParamsCompat: void setLayoutDirection(android.view.ViewGroup$MarginLayoutParams,int)
android.support.v4.view.MarginLayoutParamsCompat: void resolveLayoutDirection(android.view.ViewGroup$MarginLayoutParams,int)
android.support.v4.view.MarginLayoutParamsCompat: void <clinit>()
android.support.v4.view.MarginLayoutParamsCompat$MarginLayoutParamsCompatImpl
android.support.v4.view.MarginLayoutParamsCompat$MarginLayoutParamsCompatImpl: int getMarginStart(android.view.ViewGroup$MarginLayoutParams)
android.support.v4.view.MarginLayoutParamsCompat$MarginLayoutParamsCompatImpl: int getMarginEnd(android.view.ViewGroup$MarginLayoutParams)
android.support.v4.view.MarginLayoutParamsCompat$MarginLayoutParamsCompatImpl: void setMarginStart(android.view.ViewGroup$MarginLayoutParams,int)
android.support.v4.view.MarginLayoutParamsCompat$MarginLayoutParamsCompatImpl: void setMarginEnd(android.view.ViewGroup$MarginLayoutParams,int)
android.support.v4.view.MarginLayoutParamsCompat$MarginLayoutParamsCompatImpl: boolean isMarginRelative(android.view.ViewGroup$MarginLayoutParams)
android.support.v4.view.MarginLayoutParamsCompat$MarginLayoutParamsCompatImpl: int getLayoutDirection(android.view.ViewGroup$MarginLayoutParams)
android.support.v4.view.MarginLayoutParamsCompat$MarginLayoutParamsCompatImpl: void setLayoutDirection(android.view.ViewGroup$MarginLayoutParams,int)
android.support.v4.view.MarginLayoutParamsCompat$MarginLayoutParamsCompatImpl: void resolveLayoutDirection(android.view.ViewGroup$MarginLayoutParams,int)