proguard/mapping.txt
com.myth.cici.BaseActivity -> com.myth.cici.a:
    android.app.Activity mActivity -> a
    android.widget.FrameLayout mContentLayout -> b
    android.widget.FrameLayout mBottomLayout -> c
    int statusBarHeight -> d
    void onCreate(android.os.Bundle) -> onCreate
    int getStatusBarHeight(android.content.Context) -> a
    void onPause() -> onPause
    void onResume() -> onResume
    android.widget.ImageView getBottomLeftView() -> a
    void setBottomGone() -> b
    void setBottomVisible() -> c
    void addBottomRightView(android.view.View,android.view.ViewGroup$LayoutParams) -> a
    void addBottomCenterView(android.view.View,android.view.ViewGroup$LayoutParams) -> b
    void setContentView(int) -> setContentView
com.myth.cici.BaseActivity$1 -> com.myth.cici.b:
    com.myth.cici.BaseActivity this$0 -> a
    void onClick(android.view.View) -> onClick
com.myth.cici.MyApplication -> com.myth.cici.MyApplication:
    java.util.HashMap colorMap -> e
    android.graphics.Typeface typeface -> a
    java.lang.String[] TypefaceString -> b
    int[] bgimgList -> c
    int[] bgSmallimgList -> d
    void onCreate() -> onCreate
    com.myth.cici.entity.ColorEntity getColorById(int) -> a
    void setTypeface(android.content.Context,int) -> a
    void setDefaultTypeface(android.content.Context,int) -> b
    int getDefaulTypeface(android.content.Context) -> a
com.myth.cici.activity.AboutActivity -> com.myth.cici.activity.AboutActivity:
    void onCreate(android.os.Bundle) -> onCreate
com.myth.cici.activity.CiActivity -> com.myth.cici.activity.CiActivity:
    java.util.ArrayList ciList -> d
    com.myth.cici.entity.Cipai cipai -> e
    int num -> f
    android.widget.TextView content -> g
    boolean isIntroduce -> h
    boolean isRandom -> i
    com.myth.cici.entity.Ci ci -> j
    android.widget.TextView title -> k
    com.myth.cici.wiget.CircleEditView editView -> l
    void onCreate(android.os.Bundle) -> onCreate
    void getRandomCi() -> d
    void setColor() -> e
    void initView() -> f
    void initBottomRightView() -> g
    void refreshRandomView() -> h
    void initContentView() -> i
    android.app.Activity access$0(com.myth.cici.activity.CiActivity) -> a
    com.myth.cici.entity.Ci access$1(com.myth.cici.activity.CiActivity) -> b
    com.myth.cici.entity.Cipai access$2(com.myth.cici.activity.CiActivity) -> c
    void access$3(com.myth.cici.activity.CiActivity) -> d
    void access$4(com.myth.cici.activity.CiActivity) -> e
    int access$5(com.myth.cici.activity.CiActivity) -> f
    void access$6(com.myth.cici.activity.CiActivity,int) -> a
    java.util.ArrayList access$7(com.myth.cici.activity.CiActivity) -> g
    void access$8(com.myth.cici.activity.CiActivity,com.myth.cici.entity.Ci) -> a
    void access$9(com.myth.cici.activity.CiActivity) -> h
com.myth.cici.activity.CiActivity$1 -> com.myth.cici.activity.a:
    com.myth.cici.activity.CiActivity this$0 -> a
    void onClick(android.view.View) -> onClick
com.myth.cici.activity.CiActivity$2 -> com.myth.cici.activity.b:
    com.myth.cici.activity.CiActivity this$0 -> a
    void onClick(android.view.View) -> onClick
com.myth.cici.activity.CiActivity$3 -> com.myth.cici.activity.c:
    com.myth.cici.activity.CiActivity this$0 -> a
    void onClick(android.view.View) -> onClick
com.myth.cici.activity.CiActivity$4 -> com.myth.cici.activity.d:
    com.myth.cici.activity.CiActivity this$0 -> a
    void onClick(android.view.View) -> onClick
com.myth.cici.activity.CiActivity$5 -> com.myth.cici.activity.e:
    com.myth.cici.activity.CiActivity this$0 -> a
    void onClick(android.view.View) -> onClick
...
android.support.v4.text.TextDirectionHeuristicsCompat$1 -> android.support.v4.text.TextDirectionHeuristicsCompat$1:
android.support.v4.text.TextDirectionHeuristicsCompat$AnyStrong -> android.support.v4.text.TextDirectionHeuristicsCompat$AnyStrong:
    boolean mLookForRtl -> mLookForRtl
    android.support.v4.text.TextDirectionHeuristicsCompat$AnyStrong INSTANCE_RTL -> INSTANCE_RTL
    android.support.v4.text.TextDirectionHeuristicsCompat$AnyStrong INSTANCE_LTR -> INSTANCE_LTR
    int checkRtl(java.lang.CharSequence,int,int) -> checkRtl
android.support.v4.text.TextDirectionHeuristicsCompat$FirstStrong -> android.support.v4.text.TextDirectionHeuristicsCompat$FirstStrong:
    android.support.v4.text.TextDirectionHeuristicsCompat$FirstStrong INSTANCE -> INSTANCE
    int checkRtl(java.lang.CharSequence,int,int) -> checkRtl
android.support.v4.text.TextDirectionHeuristicsCompat$TextDirectionAlgorithm -> android.support.v4.text.TextDirectionHeuristicsCompat$TextDirectionAlgorithm:
    int checkRtl(java.lang.CharSequence,int,int) -> checkRtl
android.support.v4.text.TextDirectionHeuristicsCompat$TextDirectionHeuristicImpl -> android.support.v4.text.TextDirectionHeuristicsCompat$TextDirectionHeuristicImpl:
    android.support.v4.text.TextDirectionHeuristicsCompat$TextDirectionAlgorithm mAlgorithm -> mAlgorithm
    boolean defaultIsRtl() -> defaultIsRtl
    boolean isRtl(char[],int,int) -> isRtl
    boolean isRtl(java.lang.CharSequence,int,int) -> isRtl
    boolean doCheck(java.lang.CharSequence,int,int) -> doCheck
android.support.v4.text.TextDirectionHeuristicsCompat$TextDirectionHeuristicInternal -> android.support.v4.text.TextDirectionHeuristicsCompat$TextDirectionHeuristicInternal:
    boolean mDefaultIsRtl -> mDefaultIsRtl
    boolean defaultIsRtl() -> defaultIsRtl
android.support.v4.text.TextDirectionHeuristicsCompat$TextDirectionHeuristicLocale -> android.support.v4.text.TextDirectionHeuristicsCompat$TextDirectionHeuristicLocale:
    android.support.v4.text.TextDirectionHeuristicsCompat$TextDirectionHeuristicLocale INSTANCE -> INSTANCE
    boolean defaultIsRtl() -> defaultIsRtl
android.support.v4.text.TextUtilsCompat -> android.support.v4.text.TextUtilsCompat:
    java.util.Locale ROOT -> ROOT
    java.lang.String ARAB_SCRIPT_SUBTAG -> ARAB_SCRIPT_SUBTAG
    java.lang.String HEBR_SCRIPT_SUBTAG -> HEBR_SCRIPT_SUBTAG
    java.lang.String htmlEncode(java.lang.String) -> htmlEncode
    int getLayoutDirectionFromLocale(java.util.Locale) -> getLayoutDirectionFromLocale
    int getLayoutDirectionFromFirstChar(java.util.Locale) -> getLayoutDirectionFromFirstChar
android.support.v4.util.ArrayMap -> android.support.v4.util.ArrayMap:
    android.support.v4.util.MapCollections mCollections -> mCollections
    android.support.v4.util.MapCollections getCollection() -> getCollection
    boolean containsAll(java.util.Collection) -> containsAll
    void putAll(java.util.Map) -> putAll
    boolean removeAll(java.util.Collection) -> removeAll
    boolean retainAll(java.util.Collection) -> retainAll
    java.util.Set entrySet() -> entrySet
    java.util.Set keySet() -> keySet
    java.util.Collection values() -> values
android.support.v4.util.ArrayMap$1 -> android.support.v4.util.ArrayMap$1:
    android.support.v4.util.ArrayMap this$0 -> this$0
    int colGetSize() -> colGetSize
    java.lang.Object colGetEntry(int,int) -> colGetEntry
    int colIndexOfKey(java.lang.Object) -> colIndexOfKey
    int colIndexOfValue(java.lang.Object) -> colIndexOfValue
    java.util.Map colGetMap() -> colGetMap
    void colPut(java.lang.Object,java.lang.Object) -> colPut
    java.lang.Object colSetValue(int,java.lang.Object) -> colSetValue
    void colRemoveAt(int) -> colRemoveAt
    void colClear() -> colClear