proguard/usage.txt
com.myth.cici.BaseActivity:
    136:137:protected void addBottomCenterView(android.view.View)
com.myth.cici.BuildConfig
com.myth.cici.R
com.myth.cici.R$attr
com.myth.cici.R$color
com.myth.cici.R$dimen
com.myth.cici.R$drawable
com.myth.cici.R$id
com.myth.cici.R$layout
com.myth.cici.R$raw
com.myth.cici.R$string
com.myth.cici.R$style
com.myth.cici.R$styleable
com.myth.cici.activity.GCImageViewActivity
com.myth.cici.activity.GCImageViewActivity$1
com.myth.cici.activity.GCImageViewActivity$2
com.myth.cici.activity.MainActivity$MyPagerAdapter:
    172:172:public java.util.ArrayList getWritings()
com.myth.cici.adapter.CipaiAdapter$ViewHolder:
    64:65:public void setMyListener(com.myth.cici.listener.MyListener)
com.myth.cici.adapter.CipaiListAdapter$ViewHolder:
    android.widget.TextView name
    android.widget.TextView tag
com.myth.cici.db.CiDatabaseHelper:
    10:10:public CiDatabaseHelper()
com.myth.cici.db.CipaiDatabaseHelper:
    10:10:public CipaiDatabaseHelper()
    54:56:public static void deleteCipaiById(int)
com.myth.cici.db.ColorDatabaseHelper:
    10:10:public ColorDatabaseHelper()
com.myth.cici.db.DBManager:
    private static final int BUFFER_SIZE
    public static final java.lang.String DB_NAME
    public static final java.lang.String PACKAGE_NAME
    public static final int DB_VERSION
    16:16:public DBManager()
com.myth.cici.db.WritingDatabaseHelper:
    11:11:public WritingDatabaseHelper()
com.myth.cici.db.YunDatabaseHelper:
    13:13:public YunDatabaseHelper()
com.myth.cici.entity.Ci:
    private static final long serialVersionUID
com.myth.cici.entity.Cipai:
    private static final long serialVersionUID
    65:65:public java.lang.String getAlias()
com.myth.cici.entity.ColorEntity:
    28:28:public java.lang.String getName()
com.myth.cici.entity.Writing:
    private static final long serialVersionUID
    private int layout
    87:87:public int getLayout()
    92:93:public void setLayout(int)
    97:97:public static long getSerialversionuid()
com.myth.cici.fragment.ChangePictureFragment:
    private static final int REQUEST_PICK_IMG
com.myth.cici.util.CheckUtils:
    12:12:public CheckUtils()
com.myth.cici.util.DateUtils:
    public static final java.lang.String YMD_FORMAT
    public static final java.lang.String YM_FORMAT
    public static final java.lang.String MD_FORMAT
    public static final java.lang.String MD_FORMAT_2
    public static final java.lang.String HMS_FORMAT
    public static final java.lang.String HM_FORMAT
    public static final java.lang.String YMD_HMS_FORMAT
    public static final java.lang.String YMD_HM_FORMAT
    public static final java.lang.String MD2_FORMAT
    public static final java.lang.String MD_HM_FORMAT
    public static final java.lang.String GMT_TIME
    public static final java.lang.String GMT_TIME_LOCAL
    public static final java.lang.String YMD2_HM_FORMAT
    19:21:private DateUtils()
com.myth.cici.util.DisplayUtil:
    5:5:public DisplayUtil()
    21:25:public static int px2dip(android.content.Context,double)
    37:39:public static int screenWidthPx(android.content.Context)
    50:52:public static int screenHeightPx(android.content.Context)
com.myth.cici.util.Fastblur:
    7:7:public Fastblur()
com.myth.cici.util.FileUtils:
    13:13:public FileUtils()
    89:95:public static android.graphics.Bitmap Bytes2Bimap(byte[])
com.myth.cici.util.Logs:
    private static final int EXCEPTION_STACK_INDEX
    10:10:public Logs()
    33:37:public static void verbose(java.lang.String)
    47:51:public static void debug(java.lang.String)
    61:65:public static void info(java.lang.String)
    75:79:public static void warn(java.lang.String)
com.myth.cici.util.Logs$LogException:
    private static final long serialVersionUID
com.myth.cici.util.MD5:
    18:18:public MD5()
    29:41:public static java.lang.String MD5_32(java.lang.String)
    75:75:public static java.lang.String MD5_16(java.lang.String)
    92:137:public static java.lang.String MD5_32(java.io.File)
...
u.aly.aa:
    private static final java.lang.String h
    private static final java.lang.String i
    private static final java.lang.String j
    private static final java.lang.String k
    private static final java.lang.String l
    private static final java.lang.String m
    53:53:public int e()
u.aly.ac:
    private static final java.lang.String a
    private static final java.lang.String b
    21:21:public ac()
u.aly.ad:
    private static final java.lang.String a
u.aly.ae:
    private static final long e
    21:21:public java.lang.String a()
u.aly.ai:
    17:19:public ai(org.json.JSONArray)
u.aly.ak:
    private static final int a
    private static final int b
    private static final int c
    private static final int d
    private static final long e
    private static final long f
    private static final long g
    73:73:public long b()
u.aly.am:
    private static final int f
    129:132:public am(u.aly.am)
    135:135:public u.aly.am a()
    140:142:public void b()
    145:145:public long c()
    149:151:public u.aly.am a(long)
    155:156:public void d()
    168:168:public u.aly.am$e a(int)
    199:203:private void a(java.io.ObjectOutputStream)
    208:213:private void a(java.io.ObjectInputStream)
    32:32:public synthetic u.aly.ch g()
    32:32:public synthetic u.aly.co b(int)
u.aly.am$e:
    61:65:public static u.aly.am$e a(int)
    74:76:public static u.aly.am$e b(int)
    83:83:public static u.aly.am$e a(java.lang.String)
u.aly.an:
    134:141:public an(u.aly.an)
    144:144:public u.aly.an a()
    149:151:public void b()
    154:154:public java.lang.String c()
    158:159:public u.aly.an a(java.lang.String)
    163:164:public void d()
    168:168:public boolean e()
    178:178:public java.lang.String f()
    182:183:public u.aly.an b(java.lang.String)
    187:188:public void h()
    192:192:public boolean i()
    202:202:public u.aly.an$e a(int)
    250:254:private void a(java.io.ObjectOutputStream)
    258:262:private void a(java.io.ObjectInputStream)
    31:31:public synthetic u.aly.ch g()
    31:31:public synthetic u.aly.co b(int)
u.aly.an$e:
    63:69:public static u.aly.an$e a(int)
    78:80:public static u.aly.an$e b(int)
    87:87:public static u.aly.an$e a(java.lang.String)
u.aly.ao:
    private static final int x
    private static final int y
    197:202:public ao(java.lang.String,u.aly.bk,java.lang.String,java.lang.String)
    207:235:public ao(u.aly.ao)
    238:238:public u.aly.ao a()
    243:255:public void b()
    258:258:public java.lang.String c()
    267:268:public void d()
    272:272:public boolean e()
    282:282:public java.lang.String f()
    291:292:public void h()
    306:306:public int j()
    316:317:public void k()
    329:329:public java.lang.String m()
    338:339:public void n()
    357:357:public u.aly.bk p()
    370:371:public void q()
    375:375:public boolean r()
    385:385:public java.lang.String s()
    394:395:public void t()
    399:399:public boolean u()
    409:409:public java.lang.String v()
    418:419:public void w()
    423:423:public boolean x()
    433:433:public java.lang.String y()
    442:443:public void z()
    457:457:public java.lang.String B()
    466:467:public void C()
    481:481:public int E()
    491:492:public void F()
    504:504:public u.aly.ao$e d(int)
    626:630:private void a(java.io.ObjectOutputStream)
    635:640:private void a(java.io.ObjectInputStream)
    32:32:public synthetic u.aly.ch g()
    32:32:public synthetic u.aly.co b(int)
u.aly.ao$e:
    96:118:public static u.aly.ao$e a(int)
    127:129:public static u.aly.ao$e b(int)
    136:136:public static u.aly.ao$e a(java.lang.String)